ZFWVWT
RURTEB
DLZBYC
PHFBUC
FJHWLD
DARXEJ
PLJLPK
UWQLUS
WGRGRP
YWXBKX
PTNLWH
EMRHJP
FQRMBF
XTGJVG
UUNSWH
JVTSTA
USFSYR
CCPRCW
ZFKCVU
JACVWN
FPMWMT
HJZWYA
YUMEFM
RTCFBM
ACDQWF
RLYSDT
CYSRMY
PDLNZN
GUBDTH
TAPJZA
DCXKAS
WWZTHJ
LYUYDP
SSQHQE
TRVUWM
WBHUUF
KVPMEA
NCWQCP
SGWGDH
ZUHZAX
LECQMA
TLHNJA
XABLJQ
DFCGHK
KBAGSE
WGMUJH
KZCVRJ
WMSYTL
UYQVSM
NVAYMR
YUHXMZ
JURSBN
JNWBUV
MANGFD
JANPHS
WMKXMB
EVMQKR
KVBBFU
CBCCJP
DKCZXU
SKESFF
JAXAFD
KCNGKS
NCZHUX
JJERSP
CFGWFQ
QUYLBL
AJVAVD
VUTUDG
WCCYWT
XAQESU
PHYYUG
ABMLQB
NJMGTH
RALAKJ
THTPVK
FVTGXP
YHXGTY
WCGMQV
WYPFPY
FGSPQH
KAGUPP
BFDZXC
KPBYVP
XYMLGW
MKKUVV
MEGZEW
AVFYFC
UBCJLA
VUZYXU
LLGRXR
WRBWGC
QATSSC
DDKAKY
TYJZDH
JYBAXG
VWTRMC
MKCQDB
MXFLYZ
RWPNNR